[0m[[0minfo[0m] [0m[32mCreateCustomTest:[0m[0m
[0m[[0minfo[0m] [0m[32mA user[0m[0m
[0m[[0minfo[0m] [0m[32m- should visit on jabong.com[0m[0m
[0m[[0minfo[0m] [0m[32muser[0m[0m
[0m[[0minfo[0m] [0m[32m- should fail to login with invalid credentials[0m[0m
[0m[[0minfo[0m] [0m[32muser[0m[0m
[0m[[0minfo[0m] [0m[32m- should be logged in[0m[0m
[0m[[0minfo[0m] [0m[32muser[0m[0m
[0m[[0minfo[0m] [0m[32m- should search for watches category[0m[0m
[0m[[0minfo[0m] [0m[32muser[0m[0m
[0m[[0minfo[0m] [0m[31m- should select a watch *** FAILED ***[0m[0m
[0m[[0minfo[0m] [0m[31m  java.lang.NullPointerException:[0m[0m
[0m[[0minfo[0m] [0m[31m  at org.openqa.selenium.support.ui.ExpectedConditions.elementIfVisible(ExpectedConditions.java:302)[0m[0m
[0m[[0minfo[0m] [0m[31m  at org.openqa.selenium.support.ui.ExpectedConditions.access$100(ExpectedConditions.java:41)[0m[0m
[0m[[0minfo[0m] [0m[31m  at org.openqa.selenium.support.ui.ExpectedConditions$7.apply(ExpectedConditions.java:205)[0m[0m
[0m[[0minfo[0m] [0m[31m  at org.openqa.selenium.support.ui.ExpectedConditions$7.apply(ExpectedConditions.java:201)[0m[0m
[0m[[0minfo[0m] [0m[31m  at org.openqa.selenium.support.ui.FluentWait.until(FluentWait.java:238)[0m[0m
[0m[[0minfo[0m] [0m[31m  at selenium.CreateCustomTest.$anonfun$new$5(CreateCustomTest.scala:76)[0m[0m
[0m[[0minfo[0m] [0m[31m  at scala.runtime.java8.JFunction0$mcV$sp.apply(JFunction0$mcV$sp.java:12)[0m[0m
[0m[[0minfo[0m] [0m[31m  at org.scalatest.OutcomeOf.outcomeOf(OutcomeOf.scala:85)[0m[0m
[0m[[0minfo[0m] [0m[31m  at org.scalatest.OutcomeOf.outcomeOf$(OutcomeOf.scala:83)[0m[0m
[0m[[0minfo[0m] [0m[31m  at org.scalatest.OutcomeOf$.outcomeOf(OutcomeOf.scala:104)[0m[0m
[0m[[0minfo[0m] [0m[31m  ...[0m[0m
[0m[[0minfo[0m] [0m[32muser[0m[0m
[0m[[0minfo[0m] [0m[31m- should be able to add the watch to the cart *** FAILED ***[0m[0m
[0m[[0minfo[0m] [0m[31m  org.openqa.selenium.NoSuchWindowException: no such window: target window already closed[0m[0m
[0m[[0minfo[0m] [0m[31mfrom unknown error: web view not found[0m[0m
[0m[[0minfo[0m] [0m[31m  (Session info: chrome=56.0.2924.87)[0m[0m
[0m[[0minfo[0m] [0m[31m  (Driver info: chromedriver=2.27.440175 (9bc1d90b8bfa4dd181fbbf769a5eb5e575574320),platform=Linux 4.4.0-66-generic x86_64) (WARNING: The server did not provide any stacktrace information)[0m[0m
[0m[[0minfo[0m] [0m[31mCommand duration or timeout: 4 milliseconds[0m[0m
[0m[[0minfo[0m] [0m[31mBuild info: version: '3.0.1', revision: '1969d75', time: '2016-10-18 09:49:13 -0700'[0m[0m
[0m[[0minfo[0m] [0m[31mSystem info: host: 'knoldus', ip: '127.0.1.1', os.name: 'Linux', os.arch: 'amd64', os.version: '4.4.0-66-generic', java.version: '1.8.0_121'[0m[0m
[0m[[0minfo[0m] [0m[31mDriver info: org.openqa.selenium.chrome.ChromeDriver[0m[0m
[0m[[0minfo[0m] [0m[31mCapabilities [{applicationCacheEnabled=false, rotatable=false, mobileEmulationEnabled=false, networkConnectionEnabled=false, chrome={chromedriverVersion=2.27.440175 (9bc1d90b8bfa4dd181fbbf769a5eb5e575574320), userDataDir=/tmp/.org.chromium.Chromium.i674wi}, takesHeapSnapshot=true, pageLoadStrategy=normal, databaseEnabled=false, handlesAlerts=true, hasTouchScreen=false, version=56.0.2924.87, platform=LINUX, browserConnectionEnabled=false, nativeEvents=true, acceptSslCerts=true, locationContextEnabled=true, webStorageEnabled=true, browserName=chrome, takesScreenshot=true, javascriptEnabled=true, cssSelectorsEnabled=true, unexpectedAlertBehaviour=}][0m[0m
[0m[[0minfo[0m] [0m[31mSession ID: 23862e9a1bc85f72884e97793df6288a[0m[0m
[0m[[0minfo[0m] [0m[31m*** Element info: {Using=css selector, value=button.pdp-add-to-bag.pdp-button}[0m[0m
[0m[[0minfo[0m] [0m[31m  at sun.reflect.NativeConstructorAccessorImpl.newInstance0(Native Method)[0m[0m
[0m[[0minfo[0m] [0m[31m  at sun.reflect.NativeConstructorAccessorImpl.newInstance(NativeConstructorAccessorImpl.java:62)[0m[0m
[0m[[0minfo[0m] [0m[31m  at sun.reflect.DelegatingConstructorAccessorImpl.newInstance(DelegatingConstructorAccessorImpl.java:45)[0m[0m
[0m[[0minfo[0m] [0m[31m  at java.lang.reflect.Constructor.newInstance(Constructor.java:423)[0m[0m
[0m[[0minfo[0m] [0m[31m  at org.openqa.selenium.remote.ErrorHandler.createThrowable(ErrorHandler.java:216)[0m[0m
[0m[[0minfo[0m] [0m[31m  at org.openqa.selenium.remote.ErrorHandler.throwIfResponseFailed(ErrorHandler.java:168)[0m[0m
[0m[[0minfo[0m] [0m[31m  at org.openqa.selenium.remote.RemoteWebDriver.execute(RemoteWebDriver.java:635)[0m[0m
[0m[[0minfo[0m] [0m[31m  at org.openqa.selenium.remote.RemoteWebDriver.findElement(RemoteWebDriver.java:368)[0m[0m
[0m[[0minfo[0m] [0m[31m  at org.openqa.selenium.remote.RemoteWebDriver.findElementByCssSelector(RemoteWebDriver.java:465)[0m[0m
[0m[[0minfo[0m] [0m[31m  at selenium.CreateCustomTest.$anonfun$new$6(CreateCustomTest.scala:82)[0m[0m
[0m[[0minfo[0m] [0m[31m  ...[0m[0m
